<?xml version="1.0" encoding="UTF-8"?>
<!-- Generated by org.testng.reporters.JUnitReportReporter -->
<testsuite hostname="Amlan-Kumar-B605-MacBook-Air.local" failures="0" tests="2" name="org.geekyants.eCommerce_tc_2" time="12.846" errors="0" timestamp="2024-01-24T18:16:47 IST" skipped="0">
  <testcase classname="org.geekyants.eCommerce_tc_2" name="fillForm_ErrorValidation" time="1.781"/>
  <system-out/>
  <testcase classname="org.geekyants.eCommerce_tc_2" name="fillForm_HappyFlow" time="11.065"/>
  <system-out/>
</testsuite> <!-- org.geekyants.eCommerce_tc_2 -->
